liam
42
barcelona
up2u
1978
lion
spain
hacking
liam42
liambarcelona
liamup2u
liam1978
liamlion
liamspain
liamhacking
42barcelona
42up2u
421978
42lion
42spain
42hacking
barcelonauptou
barcelona1978
barcelonalion
barcelonaspain
barcelonahacking
up2u1978
up2ulion
up2uspain
up2uhacking
1978lion
1978spain
1978hacking
lionspain
lionhacking
spainhacking
42liam
barcelonaliam
up2uliam
1978liam
lionliam
spainliam
hackingliam
barcelon42
up2u42
197842
lion42
spain42
hacking42
uptoubarcelona
1978barcelona
lionbarcelona
spainbarcelona
hackingbarcelona
1978up2u
lionup2u
spainup2u
hackingup2u
lion1978
spain1978
hacking1978
spainlion
hackinglion
hackingspain